[debug] [2017-10-01T23:42:15.127Z] ----------------------------------------------------------------------
[debug] [2017-10-01T23:42:15.132Z] Command:       /usr/local/bin/node /usr/local/bin/firebase deploy
[debug] [2017-10-01T23:42:15.133Z] CLI Version:   3.12.0
[debug] [2017-10-01T23:42:15.133Z] Platform:      darwin
[debug] [2017-10-01T23:42:15.133Z] Node Version:  v6.10.3
[debug] [2017-10-01T23:42:15.166Z] Time:          Sun Oct 01 2017 18:42:15 GMT-0500 (CDT)
[debug] [2017-10-01T23:42:15.167Z] ----------------------------------------------------------------------
[debug] 
[debug] [2017-10-01T23:42:15.355Z] > command requires scopes: ["email","openid","https://www.googleapis.com/auth/cloudplatformprojects.readonly","https://www.googleapis.com/auth/firebase","https://www.googleapis.com/auth/cloud-platform"]
[debug] [2017-10-01T23:42:15.356Z] > authorizing via signed-in user
[debug] [2017-10-01T23:42:15.361Z] >>> HTTP REQUEST GET https://admin.firebase.com/v1/projects/firebase-robinbank  
 Sun Oct 01 2017 18:42:15 GMT-0500 (CDT)
[debug] [2017-10-01T23:42:16.398Z] <<< HTTP RESPONSE 200
[debug] [2017-10-01T23:42:16.400Z] >>> HTTP REQUEST GET https://admin.firebase.com/v1/database/robinbank/tokens  
 Sun Oct 01 2017 18:42:16 GMT-0500 (CDT)
[debug] [2017-10-01T23:42:16.785Z] <<< HTTP RESPONSE 200
[info] 
[info] === Deploying to 'firebase-robinbank'...
[info] 
[info] i  deploying database, functions, hosting
[info] ✔  database: rules ready to deploy.
[debug] [2017-10-01T23:42:17.525Z] > [functions] package.json contents: {
  "name": "functions",
  "description": "Cloud Functions for Firebase",
  "dependencies": {
    "firebase-admin": "~4.1.2",
    "firebase-functions": "^0.5"
  },
  "private": true
}
[info] i  functions: ensuring necessary APIs are enabled...
[info] i  runtimeconfig: ensuring necessary APIs are enabled...
[debug] [2017-10-01T23:42:17.530Z] >>> HTTP REQUEST GET https://servicemanagement.googleapis.com/v1/services/cloudfunctions.googleapis.com/projectSettings/firebase-robinbank?view=CONSUMER_VIEW  
 Sun Oct 01 2017 18:42:17 GMT-0500 (CDT)
[debug] [2017-10-01T23:42:17.531Z] >>> HTTP REQUEST GET https://servicemanagement.googleapis.com/v1/services/runtimeconfig.googleapis.com/projectSettings/firebase-robinbank?view=CONSUMER_VIEW  
 Sun Oct 01 2017 18:42:17 GMT-0500 (CDT)
[debug] [2017-10-01T23:42:18.075Z] <<< HTTP RESPONSE 200
[info] ✔  runtimeconfig: all necessary APIs are enabled
[debug] [2017-10-01T23:42:18.093Z] <<< HTTP RESPONSE 200
[info] ✔  functions: all necessary APIs are enabled
[debug] [2017-10-01T23:42:18.095Z] >>> HTTP REQUEST GET https://appengine.googleapis.com/v1/apps/firebase-robinbank  
 Sun Oct 01 2017 18:42:18 GMT-0500 (CDT)
[debug] [2017-10-01T23:42:18.096Z] >>> HTTP REQUEST GET https://apikeys.googleapis.com/v1/projects/firebase-robinbank/apiKeys  
 Sun Oct 01 2017 18:42:18 GMT-0500 (CDT)
[debug] [2017-10-01T23:42:18.578Z] <<< HTTP RESPONSE 200
[debug] [2017-10-01T23:42:18.602Z] <<< HTTP RESPONSE 200
[info] i  functions: preparing functions directory for uploading...
[debug] [2017-10-01T23:42:33.682Z] >>> HTTP REQUEST GET https://runtimeconfig.googleapis.com/v1beta1/projects/firebase-robinbank/configs  
 Sun Oct 01 2017 18:42:33 GMT-0500 (CDT)
[debug] [2017-10-01T23:42:33.926Z] <<< HTTP RESPONSE 200
[info] i  hosting: preparing public directory for upload...
[debug] [2017-10-01T23:42:37.039Z] >>> HTTP REQUEST PUT https://deploy.firebase.com/v1/hosting/robinbank/uploads/-KvPJPbQC62q-aPbrcf-?fileCount=89&message=  
 Sun Oct 01 2017 18:42:37 GMT-0500 (CDT)
[debug] [2017-10-01T23:43:41.490Z] <<< HTTP RESPONSE 200
[debug] [2017-10-01T23:43:41.495Z] [hosting] .tgz uploaded successfully, waiting for extraction
[info] ✔  hosting: 89 files uploaded successfully
[info] i  starting release process (may take several minutes)...
[debug] [2017-10-01T23:43:42.285Z] >>> HTTP REQUEST GET https://cloudfunctions.googleapis.com/v1beta2/projects/firebase-robinbank/locations/us-central1/functions  
 Sun Oct 01 2017 18:43:42 GMT-0500 (CDT)
[debug] [2017-10-01T23:43:42.576Z] <<< HTTP RESPONSE 200
[debug] [2017-10-01T23:43:42.584Z] >>> HTTP REQUEST GET https://cloudfunctions.googleapis.com/v1beta2/projects/firebase-robinbank/locations/us-central1/functions  
 Sun Oct 01 2017 18:43:42 GMT-0500 (CDT)
